{"numFailedTestSuites":2,"numFailedTests":1,"numPassedTestSuites":1,"numPassedTests":4,"numPendingTestSuites":0,"numPendingTests":0,"numRuntimeErrorTestSuites":1,"numTodoTests":0,"numTotalTestSuites":3,"numTotalTests":5,"openHandles":[],"snapshot":{"added":0,"didUpdate":false,"failure":false,"filesAdded":0,"filesRemoved":0,"filesRemovedList":[],"filesUnmatched":0,"filesUpdated":0,"matched":0,"total":0,"unchecked":0,"uncheckedKeysByFile":[],"unmatched":0,"updated":0},"startTime":1761520174183,"success":false,"testResults":[{"assertionResults":[{"ancestorTitles":["App"],"duration":742,"failureDetails":[],"failureMessages":[],"fullName":"App renders Indices tab by default and shows IndexComponent","invocations":1,"location":null,"numPassingAsserts":2,"retryReasons":[],"status":"passed","title":"renders Indices tab by default and shows IndexComponent"},{"ancestorTitles":["App"],"duration":917,"failureDetails":[],"failureMessages":[],"fullName":"App switches to Stock Chart tab and updates symbol on Enter","invocations":1,"location":null,"numPassingAsserts":1,"retryReasons":[],"status":"passed","title":"switches to Stock Chart tab and updates symbol on Enter"}],"endTime":1761520184747,"message":"","name":"E:\\Work\\StockAnalyzerView\\src\\__tests__\\App.test.jsx","startTime":1761520175579,"status":"passed","summary":""},{"assertionResults":[{"ancestorTitles":["ErrorBoundary"],"duration":28,"failureDetails":[],"failureMessages":[],"fullName":"ErrorBoundary renders children when there is no error","invocations":1,"location":null,"numPassingAsserts":1,"retryReasons":[],"status":"passed","title":"renders children when there is no error"},{"ancestorTitles":["ErrorBoundary"],"duration":214,"failureDetails":[{"name":"TestingLibraryElementError"}],"failureMessages":["TestingLibraryElementError: Found multiple elements with the text: /boom/i\n\nHere are the matching elements:\n\nIgnored nodes: comments, script, style\n\u001b[36m<p>\u001b[39m\n  \u001b[0mboom\u001b[0m\n\u001b[36m</p>\u001b[39m\n\nIgnored nodes: comments, script, style\n\u001b[36m<details\u001b[39m\n  \u001b[33mstyle\u001b[39m=\u001b[32m\"white-space: pre-wrap; margin-bottom: 10px;\"\u001b[39m\n\u001b[36m>\u001b[39m\n  \u001b[36m<summary>\u001b[39m\n    \u001b[0mError Details\u001b[0m\n  \u001b[36m</summary>\u001b[39m\n  \u001b[0m\n    at Boom (E:\\Work\\StockAnalyzerView\\src\\__tests__\\ErrorBoundary.test.jsx:11:9)\n    at ErrorBoundary (E:\\Work\\StockAnalyzerView\\src\\ErrorBoundary.jsx:31:5)\u001b[0m\n\u001b[36m</details>\u001b[39m\n\n(If this is intentional, then use the `*AllBy*` variant of the query (like `queryAllByText`, `getAllByText`, or `findAllByText`)).\n\nIgnored nodes: comments, script, style\n\u001b[36m<body>\u001b[39m\n  \u001b[36m<div>\u001b[39m\n    \u001b[36m<div\u001b[39m\n      \u001b[33mstyle\u001b[39m=\u001b[32m\"padding: 20px; text-align: center; border: 1px solid #ff0000; border-radius: 4px; margin: 10px;\"\u001b[39m\n    \u001b[36m>\u001b[39m\n      \u001b[36m<h2\u001b[39m\n        \u001b[33mstyle\u001b[39m=\u001b[32m\"color: rgb(255, 0, 0);\"\u001b[39m\n      \u001b[36m>\u001b[39m\n        \u001b[0mChart Error\u001b[0m\n      \u001b[36m</h2>\u001b[39m\n      \u001b[36m<p>\u001b[39m\n        \u001b[0mboom\u001b[0m\n      \u001b[36m</p>\u001b[39m\n      \u001b[36m<details\u001b[39m\n        \u001b[33mstyle\u001b[39m=\u001b[32m\"white-space: pre-wrap; margin-bottom: 10px;\"\u001b[39m\n      \u001b[36m>\u001b[39m\n        \u001b[36m<summary>\u001b[39m\n          \u001b[0mError Details\u001b[0m\n        \u001b[36m</summary>\u001b[39m\n        \u001b[0m\n    at Boom (E:\\Work\\StockAnalyzerView\\src\\__tests__\\ErrorBoundary.test.jsx:11:9)\n    at ErrorBoundary (E:\\Work\\StockAnalyzerView\\src\\ErrorBoundary.jsx:31:5)\u001b[0m\n      \u001b[36m</details>\u001b[39m\n      \u001b[36m<button\u001b[39m\n        \u001b[33mstyle\u001b[39m=\u001b[32m\"padding: 8px 16px; background-color: rgb(0, 102, 204); color: white; border-radius: 4px; cursor: pointer;\"\u001b[39m\n      \u001b[36m>\u001b[39m\n        \u001b[0mTry Again\u001b[0m\n      \u001b[36m</button>\u001b[39m\n    \u001b[36m</div>\u001b[39m\n  \u001b[36m</div>\u001b[39m\n\u001b[36m</body>\u001b[39m\n    at Object.getElementError (E:\\Work\\StockAnalyzerView\\node_modules\\@testing-library\\dom\\dist\\config.js:37:19)\n    at getElementError (E:\\Work\\StockAnalyzerView\\node_modules\\@testing-library\\dom\\dist\\query-helpers.js:20:35)\n    at getMultipleElementsFoundError (E:\\Work\\StockAnalyzerView\\node_modules\\@testing-library\\dom\\dist\\query-helpers.js:23:10)\n    at E:\\Work\\StockAnalyzerView\\node_modules\\@testing-library\\dom\\dist\\query-helpers.js:55:13\n    at E:\\Work\\StockAnalyzerView\\node_modules\\@testing-library\\dom\\dist\\query-helpers.js:95:19\n    at Object.getByText (E:\\Work\\StockAnalyzerView\\src\\__tests__\\ErrorBoundary.test.jsx:45:19)\n    at Promise.then.completed (E:\\Work\\StockAnalyzerView\\node_modules\\jest-circus\\build\\utils.js:298:28)\n    at new Promise (<anonymous>)\n    at callAsyncCircusFn (E:\\Work\\StockAnalyzerView\\node_modules\\jest-circus\\build\\utils.js:231:10)\n    at _callCircusTest (E:\\Work\\StockAnalyzerView\\node_modules\\jest-circus\\build\\run.js:316:40)\n    at _runTest (E:\\Work\\StockAnalyzerView\\node_modules\\jest-circus\\build\\run.js:252:3)\n    at _runTestsForDescribeBlock (E:\\Work\\StockAnalyzerView\\node_modules\\jest-circus\\build\\run.js:126:9)\n    at _runTestsForDescribeBlock (E:\\Work\\StockAnalyzerView\\node_modules\\jest-circus\\build\\run.js:121:9)\n    at run (E:\\Work\\StockAnalyzerView\\node_modules\\jest-circus\\build\\run.js:71:3)\n    at runAndTransformResultsToJestFormat (E:\\Work\\StockAnalyzerView\\node_modules\\jest-circus\\build\\legacy-code-todo-rewrite\\jestAdapterInit.js:122:21)\n    at jestAdapter (E:\\Work\\StockAnalyzerView\\node_modules\\jest-circus\\build\\legacy-code-todo-rewrite\\jestAdapter.js:79:19)\n    at runTestInternal (E:\\Work\\StockAnalyzerView\\node_modules\\jest-runner\\build\\runTest.js:367:16)\n    at runTest (E:\\Work\\StockAnalyzerView\\node_modules\\jest-runner\\build\\runTest.js:444:34)"],"fullName":"ErrorBoundary shows fallback UI when a child throws","invocations":1,"location":null,"numPassingAsserts":1,"retryReasons":[],"status":"failed","title":"shows fallback UI when a child throws"},{"ancestorTitles":["ErrorBoundary"],"duration":281,"failureDetails":[],"failureMessages":[],"fullName":"ErrorBoundary Try Again resets error state and renders new healthy child after rerender","invocations":1,"location":null,"numPassingAsserts":2,"retryReasons":[],"status":"passed","title":"Try Again resets error state and renders new healthy child after rerender"}],"endTime":1761520186266,"message":"\u001b[1m\u001b[31m  \u001b[1m● \u001b[22m\u001b[1mErrorBoundary › shows fallback UI when a child throws\u001b[39m\u001b[22m\n\n    TestingLibraryElementError: Found multiple elements with the text: /boom/i\n\n    Here are the matching elements:\n\n    Ignored nodes: comments, script, style\n    \u001b[36m<p>\u001b[39m\n      \u001b[0mboom\u001b[0m\n    \u001b[36m</p>\u001b[39m\n\n    Ignored nodes: comments, script, style\n    \u001b[36m<details\u001b[39m\n      \u001b[33mstyle\u001b[39m=\u001b[32m\"white-space: pre-wrap; margin-bottom: 10px;\"\u001b[39m\n    \u001b[36m>\u001b[39m\n      \u001b[36m<summary>\u001b[39m\n        \u001b[0mError Details\u001b[0m\n      \u001b[36m</summary>\u001b[39m\n      \u001b[0m\n\u001b[2m\u001b[22m\n\u001b[2m    \u001b[0m \u001b[90m  9 |\u001b[39m\u001b[22m\n\u001b[2m     \u001b[90m 10 |\u001b[39m \u001b[36mfunction\u001b[39m \u001b[33mBoom\u001b[39m() {\u001b[22m\n\u001b[2m    \u001b[31m\u001b[1m>\u001b[22m\u001b[2m\u001b[39m\u001b[90m 11 |\u001b[39m   \u001b[36mthrow\u001b[39m \u001b[36mnew\u001b[39m \u001b[33mError\u001b[39m(\u001b[32m'boom'\u001b[39m)\u001b[33m;\u001b[39m\u001b[22m\n\u001b[2m     \u001b[90m    |\u001b[39m         \u001b[31m\u001b[1m^\u001b[22m\u001b[2m\u001b[39m\u001b[22m\n\u001b[2m     \u001b[90m 12 |\u001b[39m }\u001b[22m\n\u001b[2m     \u001b[90m 13 |\u001b[39m\u001b[22m\n\u001b[2m     \u001b[90m 14 |\u001b[39m describe(\u001b[32m'ErrorBoundary'\u001b[39m\u001b[33m,\u001b[39m () \u001b[33m=>\u001b[39m {\u001b[0m\u001b[22m\n\u001b[2m\u001b[22m\n\u001b[2m      \u001b[2mat Boom (\u001b[22m\u001b[2m\u001b[0m\u001b[36msrc/__tests__/ErrorBoundary.test.jsx\u001b[39m\u001b[0m\u001b[2m:11:9)\u001b[22m\u001b[2m\u001b[22m\n\u001b[2m      \u001b[2mat ErrorBoundary (\u001b[22m\u001b[2msrc/ErrorBoundary.jsx\u001b[2m:31:5)\u001b[0m\u001b[22m\u001b[2m\u001b[22m\n\u001b[2m      \u001b[36m</details>\u001b[39m\u001b[22m\n\u001b[2m      (If this is intentional, then use the `*AllBy*` variant of the query (like `queryAllByText`, `getAllByText`, or `findAllByText`)).\u001b[22m\n\u001b[2m      Ignored nodes: comments, script, style\u001b[22m\n\u001b[2m      \u001b[36m<body>\u001b[39m\u001b[22m\n\u001b[2m        \u001b[36m<div>\u001b[39m\u001b[22m\n\u001b[2m          \u001b[36m<div\u001b[39m\u001b[22m\n\u001b[2m            \u001b[33mstyle\u001b[39m=\u001b[32m\"padding: 20px; text-align: center; border: 1px solid #ff0000; border-radius: 4px; margin: 10px;\"\u001b[39m\u001b[22m\n\u001b[2m          \u001b[36m>\u001b[39m\u001b[22m\n\u001b[2m            \u001b[36m<h2\u001b[39m\u001b[22m\n\u001b[2m              \u001b[33mstyle\u001b[39m=\u001b[32m\"color: rgb(255, 0, 0);\"\u001b[39m\u001b[22m\n\u001b[2m            \u001b[36m>\u001b[39m\u001b[22m\n\u001b[2m              \u001b[0mChart Error\u001b[0m\u001b[22m\n\u001b[2m            \u001b[36m</h2>\u001b[39m\u001b[22m\n\u001b[2m            \u001b[36m<p>\u001b[39m\u001b[22m\n\u001b[2m              \u001b[0mboom\u001b[0m\u001b[22m\n\u001b[2m            \u001b[36m</p>\u001b[39m\u001b[22m\n\u001b[2m            \u001b[36m<details\u001b[39m\u001b[22m\n\u001b[2m              \u001b[33mstyle\u001b[39m=\u001b[32m\"white-space: pre-wrap; margin-bottom: 10px;\"\u001b[39m\u001b[22m\n\u001b[2m            \u001b[36m>\u001b[39m\u001b[22m\n\u001b[2m              \u001b[36m<summary>\u001b[39m\u001b[22m\n\u001b[2m                \u001b[0mError Details\u001b[0m\u001b[22m\n\u001b[2m              \u001b[36m</summary>\u001b[39m\u001b[22m\n\u001b[2m              \u001b[0m\u001b[22m\n\u001b[2m      \u001b[2mat Boom (\u001b[22m\u001b[2m\u001b[0m\u001b[36msrc/__tests__/ErrorBoundary.test.jsx\u001b[39m\u001b[0m\u001b[2m:11:9)\u001b[22m\u001b[2m\u001b[22m\n\u001b[2m      \u001b[2mat ErrorBoundary (\u001b[22m\u001b[2msrc/ErrorBoundary.jsx\u001b[2m:31:5)\u001b[0m\u001b[22m\u001b[2m\u001b[22m\n\u001b[2m            \u001b[36m</details>\u001b[39m\u001b[22m\n\u001b[2m            \u001b[36m<button\u001b[39m\u001b[22m\n\u001b[2m              \u001b[33mstyle\u001b[39m=\u001b[32m\"padding: 8px 16px; background-color: rgb(0, 102, 204); color: white; border-radius: 4px; cursor: pointer;\"\u001b[39m\u001b[22m\n\u001b[2m            \u001b[36m>\u001b[39m\u001b[22m\n\u001b[2m              \u001b[0mTry Again\u001b[0m\u001b[22m\n\u001b[2m            \u001b[36m</button>\u001b[39m\u001b[22m\n\u001b[2m          \u001b[36m</div>\u001b[39m\u001b[22m\n\u001b[2m        \u001b[36m</div>\u001b[39m\u001b[22m\n\u001b[2m      \u001b[36m</body>\u001b[39m\u001b[22m\n\u001b[2m      \u001b[2mat Object.getElementError (\u001b[22m\u001b[2mnode_modules/@testing-library/dom/dist/config.js\u001b[2m:37:19)\u001b[22m\u001b[2m\u001b[22m\n\u001b[2m      \u001b[2mat getElementError (\u001b[22m\u001b[2mnode_modules/@testing-library/dom/dist/query-helpers.js\u001b[2m:20:35)\u001b[22m\u001b[2m\u001b[22m\n\u001b[2m      \u001b[2mat getMultipleElementsFoundError (\u001b[22m\u001b[2mnode_modules/@testing-library/dom/dist/query-helpers.js\u001b[2m:23:10)\u001b[22m\u001b[2m\u001b[22m\n\u001b[2m      \u001b[2mat \u001b[22m\u001b[2mnode_modules/@testing-library/dom/dist/query-helpers.js\u001b[2m:55:13\u001b[22m\u001b[2m\u001b[22m\n\u001b[2m      \u001b[2mat \u001b[22m\u001b[2mnode_modules/@testing-library/dom/dist/query-helpers.js\u001b[2m:95:19\u001b[22m\u001b[2m\u001b[22m\n\u001b[2m      \u001b[2mat Object.getByText (\u001b[22m\u001b[2m\u001b[0m\u001b[36msrc/__tests__/ErrorBoundary.test.jsx\u001b[39m\u001b[0m\u001b[2m:45:19)\u001b[22m\u001b[2m\u001b[22m\n","name":"E:\\Work\\StockAnalyzerView\\src\\__tests__\\ErrorBoundary.test.jsx","startTime":1761520184850,"status":"failed","summary":""},{"assertionResults":[],"coverage":{},"endTime":1761520187280,"message":"  \u001b[1m● \u001b[22mTest suite failed to run\n\n    ReferenceError: E:\\Work\\StockAnalyzerView\\src\\__tests__\\ChartComponent.test.jsx: The module factory of `jest.mock()` is not allowed to reference any out-of-scope variables.\n    Invalid variable access: lastChart\n    Allowed objects: AbortController, AbortSignal, AggregateError, Array, ArrayBuffer, Atomics, BigInt, BigInt64Array, BigUint64Array, Blob, Boolean, BroadcastChannel, Buffer, ByteLengthQueuingStrategy, CompressionStream, CountQueuingStrategy, Crypto, CryptoKey, CustomEvent, DOMException, DataView, Date, DecompressionStream, Error, EvalError, Event, EventTarget, File, FinalizationRegistry, Float32Array, Float64Array, FormData, Function, Generator, GeneratorFunction, Headers, Infinity, Int16Array, Int32Array, Int8Array, InternalError, Intl, Iterator, JSON, Map, Math, MessageChannel, MessageEvent, MessagePort, NaN, Navigator, Number, Object, Performance, PerformanceEntry, PerformanceMark, PerformanceMeasure, PerformanceObserver, PerformanceObserverEntryList, PerformanceResourceTiming, Promise, Proxy, RangeError, ReadableByteStreamController, ReadableStream, ReadableStreamBYOBReader, ReadableStreamBYOBRequest, ReadableStreamDefaultController, ReadableStreamDefaultReader, ReferenceError, Reflect, RegExp, Request, Response, Set, SharedArrayBuffer, String, SubtleCrypto, Symbol, SyntaxError, TextDecoder, TextDecoderStream, TextEncoder, TextEncoderStream, TransformStream, TransformStreamDefaultController, TypeError, URIError, URL, URLSearchParams, Uint16Array, Uint32Array, Uint8Array, Uint8ClampedArray, WeakMap, WeakRef, WeakSet, WebAssembly, WebSocket, WritableStream, WritableStreamDefaultController, WritableStreamDefaultWriter, __dirname, __filename, arguments, atob, btoa, clearImmediate, clearInterval, clearTimeout, console, crypto, decodeURI, decodeURIComponent, encodeURI, encodeURIComponent, escape, eval, expect, exports, fetch, global, globalThis, isFinite, isNaN, jest, module, navigator, parseFloat, parseInt, performance, process, queueMicrotask, require, setImmediate, setInterval, setTimeout, structuredClone, undefined, unescape.\n    Note: This is a precaution to guard against uninitialized mock variables. If it is ensured that the mock is required lazily, variable names prefixed with `mock` (case insensitive) are permitted.\n\n    \u001b[0m \u001b[90m 40 |\u001b[39m     \u001b[33mHistogramSeries\u001b[39m\u001b[33m,\u001b[39m\n     \u001b[90m 41 |\u001b[39m     \u001b[90m// helper for tests to inspect the most recent chart stub\u001b[39m\n    \u001b[31m\u001b[1m>\u001b[22m\u001b[39m\u001b[90m 42 |\u001b[39m     __getLastChart\u001b[33m:\u001b[39m () \u001b[33m=>\u001b[39m lastChart\u001b[33m,\u001b[39m\n     \u001b[90m    |\u001b[39m                           \u001b[31m\u001b[1m^\u001b[22m\u001b[39m\u001b[31m\u001b[1m^\u001b[22m\u001b[39m\u001b[31m\u001b[1m^\u001b[22m\u001b[39m\u001b[31m\u001b[1m^\u001b[22m\u001b[39m\u001b[31m\u001b[1m^\u001b[22m\u001b[39m\u001b[31m\u001b[1m^\u001b[22m\u001b[39m\u001b[31m\u001b[1m^\u001b[22m\u001b[39m\u001b[31m\u001b[1m^\u001b[22m\u001b[39m\u001b[31m\u001b[1m^\u001b[22m\u001b[39m\n     \u001b[90m 43 |\u001b[39m   }\u001b[33m;\u001b[39m\n     \u001b[90m 44 |\u001b[39m })\u001b[33m;\u001b[39m\n     \u001b[90m 45 |\u001b[39m\u001b[0m\n\n      \u001b[2mat File.buildCodeFrameError (\u001b[22mnode_modules/@babel/core/src/transformation/file/file.ts\u001b[2m:257:12)\u001b[22m\n      \u001b[2mat NodePath.buildError [as buildCodeFrameError] (\u001b[22mnode_modules/@babel/traverse/src/path/index.ts\u001b[2m:157:21)\u001b[22m\n      \u001b[2mat call (\u001b[22mnode_modules/@babel/traverse/src/visitors.ts\u001b[2m:303:14)\u001b[22m\n      \u001b[2mat NodePath.call [as _call] (\u001b[22mnode_modules/@babel/traverse/src/path/context.ts\u001b[2m:36:20)\u001b[22m\n      \u001b[2mat NodePath.call (\u001b[22mnode_modules/@babel/traverse/src/path/context.ts\u001b[2m:21:18)\u001b[22m\n      \u001b[2mat NodePath.call [as visit] (\u001b[22mnode_modules/@babel/traverse/src/path/context.ts\u001b[2m:97:31)\u001b[22m\n      \u001b[2mat TraversalContext.visit [as visitQueue] (\u001b[22mnode_modules/@babel/traverse/src/context.ts\u001b[2m:148:16)\u001b[22m\n      \u001b[2mat TraversalContext.visitQueue [as visitMultiple] (\u001b[22mnode_modules/@babel/traverse/src/context.ts\u001b[2m:99:17)\u001b[22m\n      \u001b[2mat TraversalContext.visitMultiple [as visit] (\u001b[22mnode_modules/@babel/traverse/src/context.ts\u001b[2m:178:19)\u001b[22m\n      \u001b[2mat visit (\u001b[22mnode_modules/@babel/traverse/src/traverse-node.ts\u001b[2m:208:17)\u001b[22m\n      \u001b[2mat NodePath.visit (\u001b[22mnode_modules/@babel/traverse/src/path/context.ts\u001b[2m:104:33)\u001b[22m\n      \u001b[2mat TraversalContext.visit [as visitQueue] (\u001b[22mnode_modules/@babel/traverse/src/context.ts\u001b[2m:148:16)\u001b[22m\n      \u001b[2mat TraversalContext.visitQueue [as visitSingle] (\u001b[22mnode_modules/@babel/traverse/src/context.ts\u001b[2m:109:19)\u001b[22m\n      \u001b[2mat TraversalContext.visitSingle [as visit] (\u001b[22mnode_modules/@babel/traverse/src/context.ts\u001b[2m:180:19)\u001b[22m\n      \u001b[2mat visit (\u001b[22mnode_modules/@babel/traverse/src/traverse-node.ts\u001b[2m:208:17)\u001b[22m\n      \u001b[2mat traverse (\u001b[22mnode_modules/@babel/traverse/src/index.ts\u001b[2m:84:15)\u001b[22m\n      \u001b[2mat transformFile (\u001b[22mnode_modules/@babel/core/src/transformation/index.ts\u001b[2m:119:15)\u001b[22m\n          at transformFile.next (<anonymous>)\n      \u001b[2mat transformFile (\u001b[22mnode_modules/@babel/core/src/transformation/index.ts\u001b[2m:49:12)\u001b[22m\n          at run.next (<anonymous>)\n      \u001b[2mat transform (\u001b[22mnode_modules/@babel/core/src/transform.ts\u001b[2m:29:20)\u001b[22m\n          at transform.next (<anonymous>)\n      \u001b[2mat evaluateSync (\u001b[22mnode_modules/gensync/index.js\u001b[2m:251:28)\u001b[22m\n      \u001b[2mat sync (\u001b[22mnode_modules/gensync/index.js\u001b[2m:89:14)\u001b[22m\n      \u001b[2mat fn (\u001b[22mnode_modules/@babel/core/src/errors/rewrite-stack-trace.ts\u001b[2m:99:14)\u001b[22m\n      \u001b[2mat transformSync (\u001b[22mnode_modules/@babel/core/src/transform.ts\u001b[2m:66:52)\u001b[22m\n      \u001b[2mat ScriptTransformer.transformSource (\u001b[22mnode_modules/@jest/transform/build/ScriptTransformer.js\u001b[2m:545:31)\u001b[22m\n      \u001b[2mat ScriptTransformer._transformAndBuildScript (\u001b[22mnode_modules/@jest/transform/build/ScriptTransformer.js\u001b[2m:674:40)\u001b[22m\n      \u001b[2mat ScriptTransformer.transform (\u001b[22mnode_modules/@jest/transform/build/ScriptTransformer.js\u001b[2m:726:19)\u001b[22m\n","name":"E:\\Work\\StockAnalyzerView\\src\\__tests__\\ChartComponent.test.jsx","startTime":1761520187280,"status":"failed","summary":""}],"wasInterrupted":false}
