<?xml version="1.0" encoding="UTF-8"?>
<coverage generated="1761522421923" clover="3.2.0">
  <project timestamp="1761522421923" name="All files">
    <metrics statements="61" coveredstatements="57" conditionals="33" coveredconditionals="25" methods="12" coveredmethods="10" elements="106" coveredelements="92" complexity="0" loc="61" ncloc="61" packages="1" files="1" classes="1"/>
    <file name="ChartComponent.jsx" path="E:\Work\StockAnalyzerView\src\ChartComponent.jsx">
      <metrics statements="61" coveredstatements="57" conditionals="33" coveredconditionals="25" methods="12" coveredmethods="10"/>
      <line num="26" count="1" type="stmt"/>
      <line num="27" count="6" type="stmt"/>
      <line num="28" count="6" type="stmt"/>
      <line num="29" count="6" type="stmt"/>
      <line num="30" count="6" type="stmt"/>
      <line num="42" count="6" type="stmt"/>
      <line num="45" count="6" type="stmt"/>
      <line num="46" count="3" type="stmt"/>
      <line num="47" count="3" type="stmt"/>
      <line num="48" count="3" type="stmt"/>
      <line num="49" count="3" type="cond" truecount="2" falsecount="0"/>
      <line num="50" count="2" type="stmt"/>
      <line num="52" count="1" type="stmt"/>
      <line num="54" count="3" type="stmt"/>
      <line num="57" count="3" type="stmt"/>
      <line num="61" count="6" type="stmt"/>
      <line num="62" count="2" type="stmt"/>
      <line num="68" count="2" type="stmt"/>
      <line num="69" count="6" type="stmt"/>
      <line num="70" count="6" type="stmt"/>
      <line num="76" count="6" type="stmt"/>
      <line num="81" count="6" type="cond" truecount="0" falsecount="1"/>
      <line num="82" count="2" type="stmt"/>
      <line num="83" count="2" type="stmt"/>
      <line num="84" count="5" type="cond" truecount="1" falsecount="1"/>
      <line num="85" count="0" type="stmt"/>
      <line num="86" count="0" type="cond" truecount="0" falsecount="2"/>
      <line num="87" count="0" type="stmt"/>
      <line num="89" count="2" type="stmt"/>
      <line num="93" count="6" type="stmt"/>
      <line num="94" count="2" type="stmt"/>
      <line num="95" count="2" type="stmt"/>
      <line num="97" count="2" type="stmt"/>
      <line num="102" count="2" type="stmt"/>
      <line num="103" count="10" type="stmt"/>
      <line num="104" count="5" type="stmt"/>
      <line num="114" count="2" type="stmt"/>
      <line num="117" count="2" type="stmt"/>
      <line num="118" count="2" type="stmt"/>
      <line num="125" count="2" type="stmt"/>
      <line num="128" count="6" type="stmt"/>
      <line num="129" count="5" type="cond" truecount="2" falsecount="0"/>
      <line num="130" count="2" type="cond" truecount="3" falsecount="1"/>
      <line num="133" count="2" type="stmt"/>
      <line num="139" count="2" type="stmt"/>
      <line num="149" count="2" type="cond" truecount="2" falsecount="0"/>
      <line num="152" count="2" type="stmt"/>
      <line num="161" count="2" type="stmt"/>
      <line num="162" count="2" type="stmt"/>
      <line num="163" count="2" type="stmt"/>
      <line num="164" count="2" type="stmt"/>
      <line num="166" count="2" type="stmt"/>
      <line num="168" count="0" type="stmt"/>
      <line num="171" count="2" type="stmt"/>
      <line num="172" count="2" type="stmt"/>
      <line num="173" count="2" type="stmt"/>
      <line num="174" count="2" type="stmt"/>
      <line num="175" count="2" type="stmt"/>
      <line num="179" count="6" type="cond" truecount="2" falsecount="0"/>
      <line num="180" count="3" type="cond" truecount="2" falsecount="0"/>
      <line num="182" count="2" type="stmt"/>
    </file>
  </project>
</coverage>
