<?xml version="1.0" encoding="UTF-8"?>
<coverage generated="1761522081890" clover="3.2.0">
  <project timestamp="1761522081891" name="All files">
    <metrics statements="68" coveredstatements="64" conditionals="28" coveredconditionals="21" methods="13" coveredmethods="11" elements="109" coveredelements="96" complexity="0" loc="68" ncloc="68" packages="1" files="1" classes="1"/>
    <file name="IndexComponent.jsx" path="E:\Work\StockAnalyzerView\src\IndexComponent.jsx">
      <metrics statements="68" coveredstatements="64" conditionals="28" coveredconditionals="21" methods="13" coveredmethods="11"/>
      <line num="30" count="1" type="stmt"/>
      <line num="31" count="8" type="stmt"/>
      <line num="32" count="8" type="stmt"/>
      <line num="33" count="8" type="stmt"/>
      <line num="34" count="8" type="stmt"/>
      <line num="35" count="8" type="stmt"/>
      <line num="46" count="8" type="stmt"/>
      <line num="49" count="8" type="stmt"/>
      <line num="50" count="4" type="stmt"/>
      <line num="51" count="4" type="stmt"/>
      <line num="52" count="4" type="stmt"/>
      <line num="53" count="4" type="stmt"/>
      <line num="57" count="3" type="stmt"/>
      <line num="58" count="3" type="stmt"/>
      <line num="60" count="1" type="stmt"/>
      <line num="62" count="4" type="stmt"/>
      <line num="65" count="4" type="stmt"/>
      <line num="69" count="8" type="stmt"/>
      <line num="70" count="2" type="stmt"/>
      <line num="71" count="2" type="stmt"/>
      <line num="72" count="2" type="stmt"/>
      <line num="77" count="2" type="stmt"/>
      <line num="81" count="8" type="stmt"/>
      <line num="82" count="2" type="stmt"/>
      <line num="88" count="2" type="stmt"/>
      <line num="89" count="6" type="stmt"/>
      <line num="90" count="6" type="stmt"/>
      <line num="96" count="6" type="stmt"/>
      <line num="101" count="8" type="cond" truecount="0" falsecount="1"/>
      <line num="102" count="2" type="stmt"/>
      <line num="103" count="2" type="stmt"/>
      <line num="104" count="6" type="cond" truecount="1" falsecount="1"/>
      <line num="105" count="0" type="stmt"/>
      <line num="106" count="0" type="cond" truecount="0" falsecount="2"/>
      <line num="107" count="0" type="stmt"/>
      <line num="109" count="2" type="stmt"/>
      <line num="113" count="8" type="stmt"/>
      <line num="114" count="2" type="stmt"/>
      <line num="115" count="2" type="stmt"/>
      <line num="117" count="2" type="stmt"/>
      <line num="122" count="2" type="stmt"/>
      <line num="123" count="6" type="stmt"/>
      <line num="124" count="6" type="stmt"/>
      <line num="134" count="2" type="stmt"/>
      <line num="137" count="2" type="stmt"/>
      <line num="138" count="2" type="stmt"/>
      <line num="145" count="2" type="stmt"/>
      <line num="148" count="8" type="stmt"/>
      <line num="149" count="5" type="cond" truecount="2" falsecount="0"/>
      <line num="150" count="2" type="cond" truecount="3" falsecount="1"/>
      <line num="153" count="2" type="stmt"/>
      <line num="159" count="2" type="stmt"/>
      <line num="170" count="2" type="stmt"/>
      <line num="179" count="2" type="stmt"/>
      <line num="180" count="2" type="stmt"/>
      <line num="181" count="2" type="stmt"/>
      <line num="182" count="2" type="stmt"/>
      <line num="183" count="2" type="stmt"/>
      <line num="185" count="2" type="stmt"/>
      <line num="187" count="0" type="stmt"/>
      <line num="190" count="2" type="stmt"/>
      <line num="191" count="2" type="stmt"/>
      <line num="192" count="2" type="stmt"/>
      <line num="193" count="2" type="stmt"/>
      <line num="194" count="2" type="stmt"/>
      <line num="198" count="8" type="cond" truecount="2" falsecount="0"/>
      <line num="199" count="4" type="cond" truecount="2" falsecount="0"/>
      <line num="201" count="3" type="stmt"/>
    </file>
  </project>
</coverage>
