{"E:\\Work\\StockAnalyzerView\\src\\ChartComponent.jsx": {"path":"E:\\Work\\StockAnalyzerView\\src\\ChartComponent.jsx","statementMap":{"0":{"start":{"line":26,"column":23},"end":{"line":188,"column":1}},"1":{"start":{"line":27,"column":30},"end":{"line":27,"column":42}},"2":{"start":{"line":28,"column":38},"end":{"line":28,"column":50}},"3":{"start":{"line":29,"column":38},"end":{"line":29,"column":52}},"4":{"start":{"line":30,"column":30},"end":{"line":30,"column":44}},"5":{"start":{"line":42,"column":8},"end":{"line":42,"column":13}},"6":{"start":{"line":45,"column":4},"end":{"line":58,"column":23}},"7":{"start":{"line":46,"column":25},"end":{"line":56,"column":9}},"8":{"start":{"line":47,"column":12},"end":{"line":55,"column":13}},"9":{"start":{"line":48,"column":16},"end":{"line":48,"column":35}},"10":{"start":{"line":49,"column":34},"end":{"line":49,"column":112}},"11":{"start":{"line":50,"column":16},"end":{"line":50,"column":40}},"12":{"start":{"line":52,"column":16},"end":{"line":52,"column":38}},"13":{"start":{"line":54,"column":16},"end":{"line":54,"column":36}},"14":{"start":{"line":57,"column":8},"end":{"line":57,"column":19}},"15":{"start":{"line":61,"column":30},"end":{"line":78,"column":5}},"16":{"start":{"line":62,"column":31},"end":{"line":66,"column":9}},"17":{"start":{"line":68,"column":8},"end":{"line":77,"column":9}},"18":{"start":{"line":69,"column":27},"end":{"line":69,"column":93}},"19":{"start":{"line":70,"column":29},"end":{"line":75,"column":14}},"20":{"start":{"line":76,"column":12},"end":{"line":76,"column":37}},"21":{"start":{"line":81,"column":41},"end":{"line":90,"column":5}},"22":{"start":{"line":82,"column":23},"end":{"line":82,"column":25}},"23":{"start":{"line":83,"column":8},"end":{"line":88,"column":9}},"24":{"start":{"line":83,"column":21},"end":{"line":83,"column":22}},"25":{"start":{"line":84,"column":12},"end":{"line":84,"column":41}},"26":{"start":{"line":84,"column":32},"end":{"line":84,"column":41}},"27":{"start":{"line":85,"column":26},"end":{"line":85,"column":65}},"28":{"start":{"line":86,"column":24},"end":{"line":86,"column":82}},"29":{"start":{"line":86,"column":49},"end":{"line":86,"column":69}},"30":{"start":{"line":87,"column":12},"end":{"line":87,"column":66}},"31":{"start":{"line":89,"column":8},"end":{"line":89,"column":22}},"32":{"start":{"line":93,"column":28},"end":{"line":126,"column":5}},"33":{"start":{"line":94,"column":27},"end":{"line":94,"column":46}},"34":{"start":{"line":95,"column":8},"end":{"line":95,"column":34}},"35":{"start":{"line":97,"column":29},"end":{"line":100,"column":10}},"36":{"start":{"line":102,"column":27},"end":{"line":112,"column":15}},"37":{"start":{"line":103,"column":25},"end":{"line":103,"column":47}},"38":{"start":{"line":104,"column":23},"end":{"line":112,"column":13}},"39":{"start":{"line":114,"column":8},"end":{"line":114,"column":41}},"40":{"start":{"line":117,"column":26},"end":{"line":117,"column":70}},"41":{"start":{"line":118,"column":28},"end":{"line":124,"column":10}},"42":{"start":{"line":125,"column":8},"end":{"line":125,"column":39}},"43":{"start":{"line":128,"column":4},"end":{"line":177,"column":90}},"44":{"start":{"line":129,"column":8},"end":{"line":129,"column":47}},"45":{"start":{"line":129,"column":40},"end":{"line":129,"column":47}},"46":{"start":{"line":130,"column":8},"end":{"line":130,"column":57}},"47":{"start":{"line":130,"column":50},"end":{"line":130,"column":57}},"48":{"start":{"line":133,"column":22},"end":{"line":137,"column":10}},"49":{"start":{"line":139,"column":8},"end":{"line":147,"column":11}},"50":{"start":{"line":149,"column":33},"end":{"line":149,"column":81}},"51":{"start":{"line":152,"column":27},"end":{"line":159,"column":10}},"52":{"start":{"line":161,"column":8},"end":{"line":169,"column":9}},"53":{"start":{"line":162,"column":12},"end":{"line":162,"column":42}},"54":{"start":{"line":163,"column":12},"end":{"line":163,"column":48}},"55":{"start":{"line":164,"column":12},"end":{"line":164,"column":46}},"56":{"start":{"line":166,"column":12},"end":{"line":166,"column":43}},"57":{"start":{"line":168,"column":12},"end":{"line":168,"column":60}},"58":{"start":{"line":171,"column":29},"end":{"line":171,"column":103}},"59":{"start":{"line":171,"column":35},"end":{"line":171,"column":103}},"60":{"start":{"line":172,"column":8},"end":{"line":172,"column":56}},"61":{"start":{"line":173,"column":8},"end":{"line":176,"column":10}},"62":{"start":{"line":174,"column":12},"end":{"line":174,"column":63}},"63":{"start":{"line":175,"column":12},"end":{"line":175,"column":27}},"64":{"start":{"line":179,"column":4},"end":{"line":179,"column":59}},"65":{"start":{"line":179,"column":19},"end":{"line":179,"column":59}},"66":{"start":{"line":180,"column":4},"end":{"line":180,"column":67}},"67":{"start":{"line":180,"column":15},"end":{"line":180,"column":67}},"68":{"start":{"line":182,"column":4},"end":{"line":187,"column":6}}},"fnMap":{"0":{"name":"(anonymous_0)","decl":{"start":{"line":26,"column":23},"end":{"line":26,"column":24}},"loc":{"start":{"line":26,"column":32},"end":{"line":188,"column":1}},"line":26},"1":{"name":"(anonymous_1)","decl":{"start":{"line":45,"column":14},"end":{"line":45,"column":15}},"loc":{"start":{"line":45,"column":20},"end":{"line":58,"column":5}},"line":45},"2":{"name":"(anonymous_2)","decl":{"start":{"line":46,"column":25},"end":{"line":46,"column":26}},"loc":{"start":{"line":46,"column":37},"end":{"line":56,"column":9}},"line":46},"3":{"name":"(anonymous_3)","decl":{"start":{"line":61,"column":30},"end":{"line":61,"column":31}},"loc":{"start":{"line":61,"column":47},"end":{"line":78,"column":5}},"line":61},"4":{"name":"(anonymous_4)","decl":{"start":{"line":81,"column":41},"end":{"line":81,"column":42}},"loc":{"start":{"line":81,"column":70},"end":{"line":90,"column":5}},"line":81},"5":{"name":"(anonymous_5)","decl":{"start":{"line":86,"column":37},"end":{"line":86,"column":38}},"loc":{"start":{"line":86,"column":49},"end":{"line":86,"column":69}},"line":86},"6":{"name":"(anonymous_6)","decl":{"start":{"line":93,"column":28},"end":{"line":93,"column":29}},"loc":{"start":{"line":93,"column":45},"end":{"line":126,"column":5}},"line":93},"7":{"name":"(anonymous_7)","decl":{"start":{"line":103,"column":20},"end":{"line":103,"column":21}},"loc":{"start":{"line":103,"column":25},"end":{"line":103,"column":47}},"line":103},"8":{"name":"(anonymous_8)","decl":{"start":{"line":104,"column":17},"end":{"line":104,"column":18}},"loc":{"start":{"line":104,"column":23},"end":{"line":112,"column":13}},"line":104},"9":{"name":"(anonymous_9)","decl":{"start":{"line":128,"column":14},"end":{"line":128,"column":15}},"loc":{"start":{"line":128,"column":20},"end":{"line":177,"column":5}},"line":128},"10":{"name":"(anonymous_10)","decl":{"start":{"line":171,"column":29},"end":{"line":171,"column":30}},"loc":{"start":{"line":171,"column":35},"end":{"line":171,"column":103}},"line":171},"11":{"name":"(anonymous_11)","decl":{"start":{"line":173,"column":15},"end":{"line":173,"column":16}},"loc":{"start":{"line":173,"column":21},"end":{"line":176,"column":9}},"line":173}},"branchMap":{"0":{"loc":{"start":{"line":33,"column":8},"end":{"line":33,"column":23}},"type":"default-arg","locations":[{"start":{"line":33,"column":17},"end":{"line":33,"column":23}}],"line":33},"1":{"loc":{"start":{"line":34,"column":8},"end":{"line":34,"column":21}},"type":"default-arg","locations":[{"start":{"line":34,"column":15},"end":{"line":34,"column":21}}],"line":34},"2":{"loc":{"start":{"line":35,"column":16},"end":{"line":41,"column":14}},"type":"default-arg","locations":[{"start":{"line":41,"column":12},"end":{"line":41,"column":14}}],"line":35},"3":{"loc":{"start":{"line":36,"column":12},"end":{"line":36,"column":37}},"type":"default-arg","locations":[{"start":{"line":36,"column":30},"end":{"line":36,"column":37}}],"line":36},"4":{"loc":{"start":{"line":37,"column":12},"end":{"line":37,"column":30}},"type":"default-arg","locations":[{"start":{"line":37,"column":24},"end":{"line":37,"column":30}}],"line":37},"5":{"loc":{"start":{"line":38,"column":12},"end":{"line":38,"column":31}},"type":"default-arg","locations":[{"start":{"line":38,"column":24},"end":{"line":38,"column":31}}],"line":38},"6":{"loc":{"start":{"line":39,"column":12},"end":{"line":39,"column":36}},"type":"default-arg","locations":[{"start":{"line":39,"column":27},"end":{"line":39,"column":36}}],"line":39},"7":{"loc":{"start":{"line":40,"column":12},"end":{"line":40,"column":55}},"type":"default-arg","locations":[{"start":{"line":40,"column":30},"end":{"line":40,"column":55}}],"line":40},"8":{"loc":{"start":{"line":49,"column":64},"end":{"line":49,"column":103}},"type":"cond-expr","locations":[{"start":{"line":49,"column":87},"end":{"line":49,"column":93}},{"start":{"line":49,"column":95},"end":{"line":49,"column":103}}],"line":49},"9":{"loc":{"start":{"line":81,"column":54},"end":{"line":81,"column":65}},"type":"default-arg","locations":[{"start":{"line":81,"column":63},"end":{"line":81,"column":65}}],"line":81},"10":{"loc":{"start":{"line":84,"column":12},"end":{"line":84,"column":41}},"type":"if","locations":[{"start":{"line":84,"column":12},"end":{"line":84,"column":41}},{"start":{},"end":{}}],"line":84},"11":{"loc":{"start":{"line":86,"column":56},"end":{"line":86,"column":68}},"type":"binary-expr","locations":[{"start":{"line":86,"column":56},"end":{"line":86,"column":63}},{"start":{"line":86,"column":67},"end":{"line":86,"column":68}}],"line":86},"12":{"loc":{"start":{"line":107,"column":23},"end":{"line":111,"column":48}},"type":"cond-expr","locations":[{"start":{"line":108,"column":22},"end":{"line":110,"column":50}},{"start":{"line":111,"column":22},"end":{"line":111,"column":48}}],"line":107},"13":{"loc":{"start":{"line":107,"column":23},"end":{"line":107,"column":40}},"type":"binary-expr","locations":[{"start":{"line":107,"column":23},"end":{"line":107,"column":29}},{"start":{"line":107,"column":33},"end":{"line":107,"column":40}}],"line":107},"14":{"loc":{"start":{"line":108,"column":22},"end":{"line":110,"column":50}},"type":"cond-expr","locations":[{"start":{"line":109,"column":26},"end":{"line":109,"column":51}},{"start":{"line":110,"column":26},"end":{"line":110,"column":50}}],"line":108},"15":{"loc":{"start":{"line":129,"column":8},"end":{"line":129,"column":47}},"type":"if","locations":[{"start":{"line":129,"column":8},"end":{"line":129,"column":47}},{"start":{},"end":{}}],"line":129},"16":{"loc":{"start":{"line":130,"column":8},"end":{"line":130,"column":57}},"type":"if","locations":[{"start":{"line":130,"column":8},"end":{"line":130,"column":57}},{"start":{},"end":{}}],"line":130},"17":{"loc":{"start":{"line":130,"column":12},"end":{"line":130,"column":48}},"type":"binary-expr","locations":[{"start":{"line":130,"column":12},"end":{"line":130,"column":22}},{"start":{"line":130,"column":26},"end":{"line":130,"column":48}}],"line":130},"18":{"loc":{"start":{"line":149,"column":33},"end":{"line":149,"column":81}},"type":"cond-expr","locations":[{"start":{"line":149,"column":51},"end":{"line":149,"column":61}},{"start":{"line":149,"column":64},"end":{"line":149,"column":81}}],"line":149},"19":{"loc":{"start":{"line":179,"column":4},"end":{"line":179,"column":59}},"type":"if","locations":[{"start":{"line":179,"column":4},"end":{"line":179,"column":59}},{"start":{},"end":{}}],"line":179},"20":{"loc":{"start":{"line":180,"column":4},"end":{"line":180,"column":67}},"type":"if","locations":[{"start":{"line":180,"column":4},"end":{"line":180,"column":67}},{"start":{},"end":{}}],"line":180}},"s":{"0":1,"1":6,"2":6,"3":6,"4":6,"5":6,"6":6,"7":3,"8":3,"9":3,"10":3,"11":2,"12":1,"13":3,"14":3,"15":6,"16":2,"17":2,"18":6,"19":6,"20":6,"21":6,"22":2,"23":2,"24":2,"25":5,"26":5,"27":0,"28":0,"29":0,"30":0,"31":2,"32":6,"33":2,"34":2,"35":2,"36":2,"37":10,"38":5,"39":2,"40":2,"41":2,"42":2,"43":6,"44":5,"45":3,"46":2,"47":0,"48":2,"49":2,"50":2,"51":2,"52":2,"53":2,"54":2,"55":2,"56":2,"57":0,"58":2,"59":0,"60":2,"61":2,"62":2,"63":2,"64":6,"65":3,"66":3,"67":1,"68":2},"f":{"0":6,"1":3,"2":3,"3":2,"4":2,"5":0,"6":2,"7":10,"8":5,"9":5,"10":0,"11":2},"b":{"0":[0],"1":[0],"2":[6],"3":[6],"4":[6],"5":[6],"6":[6],"7":[6],"8":[2,1],"9":[0],"10":[5,0],"11":[0,0],"12":[5,0],"13":[5,5],"14":[4,1],"15":[3,2],"16":[0,2],"17":[2,2],"18":[1,1],"19":[3,3],"20":[1,2]},"_coverageSchema":"1a1c01bbd47fc00a2c39e90264f33305004495a9","hash":"1e606fd2f8bb670275048520230200fa0d0e9ee3"}
}
