{"E:\\Work\\StockAnalyzerView\\src\\IndexComponent.jsx": {"path":"E:\\Work\\StockAnalyzerView\\src\\IndexComponent.jsx","statementMap":{"0":{"start":{"line":30,"column":23},"end":{"line":207,"column":1}},"1":{"start":{"line":31,"column":30},"end":{"line":31,"column":42}},"2":{"start":{"line":32,"column":38},"end":{"line":32,"column":50}},"3":{"start":{"line":33,"column":47},"end":{"line":33,"column":59}},"4":{"start":{"line":34,"column":38},"end":{"line":34,"column":52}},"5":{"start":{"line":35,"column":30},"end":{"line":35,"column":44}},"6":{"start":{"line":46,"column":8},"end":{"line":46,"column":13}},"7":{"start":{"line":49,"column":4},"end":{"line":66,"column":16}},"8":{"start":{"line":50,"column":25},"end":{"line":64,"column":9}},"9":{"start":{"line":51,"column":12},"end":{"line":63,"column":13}},"10":{"start":{"line":52,"column":16},"end":{"line":52,"column":35}},"11":{"start":{"line":53,"column":52},"end":{"line":56,"column":18}},"12":{"start":{"line":57,"column":16},"end":{"line":57,"column":40}},"13":{"start":{"line":58,"column":16},"end":{"line":58,"column":49}},"14":{"start":{"line":60,"column":16},"end":{"line":60,"column":38}},"15":{"start":{"line":62,"column":16},"end":{"line":62,"column":36}},"16":{"start":{"line":65,"column":8},"end":{"line":65,"column":19}},"17":{"start":{"line":69,"column":29},"end":{"line":78,"column":5}},"18":{"start":{"line":70,"column":30},"end":{"line":70,"column":49}},"19":{"start":{"line":71,"column":8},"end":{"line":71,"column":37}},"20":{"start":{"line":72,"column":32},"end":{"line":76,"column":10}},"21":{"start":{"line":77,"column":8},"end":{"line":77,"column":48}},"22":{"start":{"line":81,"column":30},"end":{"line":98,"column":5}},"23":{"start":{"line":82,"column":31},"end":{"line":86,"column":9}},"24":{"start":{"line":88,"column":8},"end":{"line":97,"column":9}},"25":{"start":{"line":89,"column":27},"end":{"line":89,"column":93}},"26":{"start":{"line":90,"column":29},"end":{"line":95,"column":14}},"27":{"start":{"line":96,"column":12},"end":{"line":96,"column":37}},"28":{"start":{"line":101,"column":41},"end":{"line":110,"column":5}},"29":{"start":{"line":102,"column":23},"end":{"line":102,"column":25}},"30":{"start":{"line":103,"column":8},"end":{"line":108,"column":9}},"31":{"start":{"line":103,"column":21},"end":{"line":103,"column":22}},"32":{"start":{"line":104,"column":12},"end":{"line":104,"column":41}},"33":{"start":{"line":104,"column":32},"end":{"line":104,"column":41}},"34":{"start":{"line":105,"column":26},"end":{"line":105,"column":65}},"35":{"start":{"line":106,"column":24},"end":{"line":106,"column":82}},"36":{"start":{"line":106,"column":49},"end":{"line":106,"column":69}},"37":{"start":{"line":107,"column":12},"end":{"line":107,"column":66}},"38":{"start":{"line":109,"column":8},"end":{"line":109,"column":22}},"39":{"start":{"line":113,"column":28},"end":{"line":146,"column":5}},"40":{"start":{"line":114,"column":27},"end":{"line":114,"column":46}},"41":{"start":{"line":115,"column":8},"end":{"line":115,"column":34}},"42":{"start":{"line":117,"column":29},"end":{"line":120,"column":10}},"43":{"start":{"line":122,"column":27},"end":{"line":132,"column":15}},"44":{"start":{"line":123,"column":25},"end":{"line":123,"column":47}},"45":{"start":{"line":124,"column":23},"end":{"line":132,"column":13}},"46":{"start":{"line":134,"column":8},"end":{"line":134,"column":41}},"47":{"start":{"line":137,"column":26},"end":{"line":137,"column":70}},"48":{"start":{"line":138,"column":28},"end":{"line":144,"column":10}},"49":{"start":{"line":145,"column":8},"end":{"line":145,"column":39}},"50":{"start":{"line":148,"column":4},"end":{"line":196,"column":90}},"51":{"start":{"line":149,"column":8},"end":{"line":149,"column":47}},"52":{"start":{"line":149,"column":40},"end":{"line":149,"column":47}},"53":{"start":{"line":150,"column":8},"end":{"line":150,"column":57}},"54":{"start":{"line":150,"column":50},"end":{"line":150,"column":57}},"55":{"start":{"line":153,"column":22},"end":{"line":157,"column":10}},"56":{"start":{"line":159,"column":8},"end":{"line":167,"column":11}},"57":{"start":{"line":170,"column":27},"end":{"line":177,"column":10}},"58":{"start":{"line":179,"column":8},"end":{"line":188,"column":9}},"59":{"start":{"line":180,"column":12},"end":{"line":180,"column":42}},"60":{"start":{"line":181,"column":12},"end":{"line":181,"column":48}},"61":{"start":{"line":182,"column":12},"end":{"line":182,"column":46}},"62":{"start":{"line":183,"column":12},"end":{"line":183,"column":52}},"63":{"start":{"line":185,"column":12},"end":{"line":185,"column":43}},"64":{"start":{"line":187,"column":12},"end":{"line":187,"column":60}},"65":{"start":{"line":190,"column":29},"end":{"line":190,"column":103}},"66":{"start":{"line":190,"column":35},"end":{"line":190,"column":103}},"67":{"start":{"line":191,"column":8},"end":{"line":191,"column":56}},"68":{"start":{"line":192,"column":8},"end":{"line":195,"column":10}},"69":{"start":{"line":193,"column":12},"end":{"line":193,"column":63}},"70":{"start":{"line":194,"column":12},"end":{"line":194,"column":27}},"71":{"start":{"line":198,"column":4},"end":{"line":198,"column":59}},"72":{"start":{"line":198,"column":19},"end":{"line":198,"column":59}},"73":{"start":{"line":199,"column":4},"end":{"line":199,"column":67}},"74":{"start":{"line":199,"column":15},"end":{"line":199,"column":67}},"75":{"start":{"line":201,"column":4},"end":{"line":206,"column":6}}},"fnMap":{"0":{"name":"(anonymous_0)","decl":{"start":{"line":30,"column":23},"end":{"line":30,"column":24}},"loc":{"start":{"line":30,"column":32},"end":{"line":207,"column":1}},"line":30},"1":{"name":"(anonymous_1)","decl":{"start":{"line":49,"column":14},"end":{"line":49,"column":15}},"loc":{"start":{"line":49,"column":20},"end":{"line":66,"column":5}},"line":49},"2":{"name":"(anonymous_2)","decl":{"start":{"line":50,"column":25},"end":{"line":50,"column":26}},"loc":{"start":{"line":50,"column":37},"end":{"line":64,"column":9}},"line":50},"3":{"name":"(anonymous_3)","decl":{"start":{"line":69,"column":29},"end":{"line":69,"column":30}},"loc":{"start":{"line":69,"column":56},"end":{"line":78,"column":5}},"line":69},"4":{"name":"(anonymous_4)","decl":{"start":{"line":81,"column":30},"end":{"line":81,"column":31}},"loc":{"start":{"line":81,"column":47},"end":{"line":98,"column":5}},"line":81},"5":{"name":"(anonymous_5)","decl":{"start":{"line":101,"column":41},"end":{"line":101,"column":42}},"loc":{"start":{"line":101,"column":70},"end":{"line":110,"column":5}},"line":101},"6":{"name":"(anonymous_6)","decl":{"start":{"line":106,"column":37},"end":{"line":106,"column":38}},"loc":{"start":{"line":106,"column":49},"end":{"line":106,"column":69}},"line":106},"7":{"name":"(anonymous_7)","decl":{"start":{"line":113,"column":28},"end":{"line":113,"column":29}},"loc":{"start":{"line":113,"column":45},"end":{"line":146,"column":5}},"line":113},"8":{"name":"(anonymous_8)","decl":{"start":{"line":123,"column":20},"end":{"line":123,"column":21}},"loc":{"start":{"line":123,"column":25},"end":{"line":123,"column":47}},"line":123},"9":{"name":"(anonymous_9)","decl":{"start":{"line":124,"column":17},"end":{"line":124,"column":18}},"loc":{"start":{"line":124,"column":23},"end":{"line":132,"column":13}},"line":124},"10":{"name":"(anonymous_10)","decl":{"start":{"line":148,"column":14},"end":{"line":148,"column":15}},"loc":{"start":{"line":148,"column":20},"end":{"line":196,"column":5}},"line":148},"11":{"name":"(anonymous_11)","decl":{"start":{"line":190,"column":29},"end":{"line":190,"column":30}},"loc":{"start":{"line":190,"column":35},"end":{"line":190,"column":103}},"line":190},"12":{"name":"(anonymous_12)","decl":{"start":{"line":192,"column":15},"end":{"line":192,"column":16}},"loc":{"start":{"line":192,"column":21},"end":{"line":195,"column":9}},"line":192}},"branchMap":{"0":{"loc":{"start":{"line":38,"column":8},"end":{"line":38,"column":21}},"type":"default-arg","locations":[{"start":{"line":38,"column":16},"end":{"line":38,"column":21}}],"line":38},"1":{"loc":{"start":{"line":39,"column":16},"end":{"line":45,"column":14}},"type":"default-arg","locations":[{"start":{"line":45,"column":12},"end":{"line":45,"column":14}}],"line":39},"2":{"loc":{"start":{"line":40,"column":12},"end":{"line":40,"column":37}},"type":"default-arg","locations":[{"start":{"line":40,"column":30},"end":{"line":40,"column":37}}],"line":40},"3":{"loc":{"start":{"line":41,"column":12},"end":{"line":41,"column":30}},"type":"default-arg","locations":[{"start":{"line":41,"column":24},"end":{"line":41,"column":30}}],"line":41},"4":{"loc":{"start":{"line":42,"column":12},"end":{"line":42,"column":31}},"type":"default-arg","locations":[{"start":{"line":42,"column":24},"end":{"line":42,"column":31}}],"line":42},"5":{"loc":{"start":{"line":43,"column":12},"end":{"line":43,"column":36}},"type":"default-arg","locations":[{"start":{"line":43,"column":27},"end":{"line":43,"column":36}}],"line":43},"6":{"loc":{"start":{"line":44,"column":12},"end":{"line":44,"column":55}},"type":"default-arg","locations":[{"start":{"line":44,"column":30},"end":{"line":44,"column":55}}],"line":44},"7":{"loc":{"start":{"line":101,"column":54},"end":{"line":101,"column":65}},"type":"default-arg","locations":[{"start":{"line":101,"column":63},"end":{"line":101,"column":65}}],"line":101},"8":{"loc":{"start":{"line":104,"column":12},"end":{"line":104,"column":41}},"type":"if","locations":[{"start":{"line":104,"column":12},"end":{"line":104,"column":41}},{"start":{},"end":{}}],"line":104},"9":{"loc":{"start":{"line":106,"column":56},"end":{"line":106,"column":68}},"type":"binary-expr","locations":[{"start":{"line":106,"column":56},"end":{"line":106,"column":63}},{"start":{"line":106,"column":67},"end":{"line":106,"column":68}}],"line":106},"10":{"loc":{"start":{"line":127,"column":23},"end":{"line":131,"column":48}},"type":"cond-expr","locations":[{"start":{"line":128,"column":22},"end":{"line":130,"column":50}},{"start":{"line":131,"column":22},"end":{"line":131,"column":48}}],"line":127},"11":{"loc":{"start":{"line":127,"column":23},"end":{"line":127,"column":40}},"type":"binary-expr","locations":[{"start":{"line":127,"column":23},"end":{"line":127,"column":29}},{"start":{"line":127,"column":33},"end":{"line":127,"column":40}}],"line":127},"12":{"loc":{"start":{"line":128,"column":22},"end":{"line":130,"column":50}},"type":"cond-expr","locations":[{"start":{"line":129,"column":26},"end":{"line":129,"column":51}},{"start":{"line":130,"column":26},"end":{"line":130,"column":50}}],"line":128},"13":{"loc":{"start":{"line":149,"column":8},"end":{"line":149,"column":47}},"type":"if","locations":[{"start":{"line":149,"column":8},"end":{"line":149,"column":47}},{"start":{},"end":{}}],"line":149},"14":{"loc":{"start":{"line":150,"column":8},"end":{"line":150,"column":57}},"type":"if","locations":[{"start":{"line":150,"column":8},"end":{"line":150,"column":57}},{"start":{},"end":{}}],"line":150},"15":{"loc":{"start":{"line":150,"column":12},"end":{"line":150,"column":48}},"type":"binary-expr","locations":[{"start":{"line":150,"column":12},"end":{"line":150,"column":22}},{"start":{"line":150,"column":26},"end":{"line":150,"column":48}}],"line":150},"16":{"loc":{"start":{"line":198,"column":4},"end":{"line":198,"column":59}},"type":"if","locations":[{"start":{"line":198,"column":4},"end":{"line":198,"column":59}},{"start":{},"end":{}}],"line":198},"17":{"loc":{"start":{"line":199,"column":4},"end":{"line":199,"column":67}},"type":"if","locations":[{"start":{"line":199,"column":4},"end":{"line":199,"column":67}},{"start":{},"end":{}}],"line":199}},"s":{"0":1,"1":8,"2":8,"3":8,"4":8,"5":8,"6":8,"7":8,"8":4,"9":4,"10":4,"11":4,"12":3,"13":3,"14":1,"15":4,"16":4,"17":8,"18":2,"19":2,"20":2,"21":2,"22":8,"23":2,"24":2,"25":6,"26":6,"27":6,"28":8,"29":2,"30":2,"31":2,"32":6,"33":6,"34":0,"35":0,"36":0,"37":0,"38":2,"39":8,"40":2,"41":2,"42":2,"43":2,"44":6,"45":6,"46":2,"47":2,"48":2,"49":2,"50":8,"51":5,"52":3,"53":2,"54":0,"55":2,"56":2,"57":2,"58":2,"59":2,"60":2,"61":2,"62":2,"63":2,"64":0,"65":2,"66":0,"67":2,"68":2,"69":2,"70":2,"71":8,"72":4,"73":4,"74":1,"75":3},"f":{"0":8,"1":4,"2":4,"3":2,"4":2,"5":2,"6":0,"7":2,"8":6,"9":6,"10":5,"11":0,"12":2},"b":{"0":[0],"1":[8],"2":[8],"3":[8],"4":[8],"5":[8],"6":[8],"7":[0],"8":[6,0],"9":[0,0],"10":[6,0],"11":[6,6],"12":[4,2],"13":[3,2],"14":[0,2],"15":[2,2],"16":[4,4],"17":[1,3]},"_coverageSchema":"1a1c01bbd47fc00a2c39e90264f33305004495a9","hash":"72746938bab2bfbf130efad94263eca98eb644e0"}
}
