TN:
SF:src\IndexComponent.jsx
FN:30,(anonymous_0)
FN:49,(anonymous_1)
FN:50,(anonymous_2)
FN:69,(anonymous_3)
FN:81,(anonymous_4)
FN:101,(anonymous_5)
FN:106,(anonymous_6)
FN:113,(anonymous_7)
FN:123,(anonymous_8)
FN:124,(anonymous_9)
FN:148,(anonymous_10)
FN:190,(anonymous_11)
FN:192,(anonymous_12)
FNF:13
FNH:11
FNDA:8,(anonymous_0)
FNDA:4,(anonymous_1)
FNDA:4,(anonymous_2)
FNDA:2,(anonymous_3)
FNDA:2,(anonymous_4)
FNDA:2,(anonymous_5)
FNDA:0,(anonymous_6)
FNDA:2,(anonymous_7)
FNDA:6,(anonymous_8)
FNDA:6,(anonymous_9)
FNDA:5,(anonymous_10)
FNDA:0,(anonymous_11)
FNDA:2,(anonymous_12)
DA:30,1
DA:31,8
DA:32,8
DA:33,8
DA:34,8
DA:35,8
DA:46,8
DA:49,8
DA:50,4
DA:51,4
DA:52,4
DA:53,4
DA:57,3
DA:58,3
DA:60,1
DA:62,4
DA:65,4
DA:69,8
DA:70,2
DA:71,2
DA:72,2
DA:77,2
DA:81,8
DA:82,2
DA:88,2
DA:89,6
DA:90,6
DA:96,6
DA:101,8
DA:102,2
DA:103,2
DA:104,6
DA:105,0
DA:106,0
DA:107,0
DA:109,2
DA:113,8
DA:114,2
DA:115,2
DA:117,2
DA:122,2
DA:123,6
DA:124,6
DA:134,2
DA:137,2
DA:138,2
DA:145,2
DA:148,8
DA:149,5
DA:150,2
DA:153,2
DA:159,2
DA:170,2
DA:179,2
DA:180,2
DA:181,2
DA:182,2
DA:183,2
DA:185,2
DA:187,0
DA:190,2
DA:191,2
DA:192,2
DA:193,2
DA:194,2
DA:198,8
DA:199,4
DA:201,3
LF:68
LH:64
BRDA:38,0,0,0
BRDA:39,1,0,8
BRDA:40,2,0,8
BRDA:41,3,0,8
BRDA:42,4,0,8
BRDA:43,5,0,8
BRDA:44,6,0,8
BRDA:101,7,0,0
BRDA:104,8,0,6
BRDA:104,8,1,0
BRDA:106,9,0,0
BRDA:106,9,1,0
BRDA:127,10,0,6
BRDA:127,10,1,0
BRDA:127,11,0,6
BRDA:127,11,1,6
BRDA:128,12,0,4
BRDA:128,12,1,2
BRDA:149,13,0,3
BRDA:149,13,1,2
BRDA:150,14,0,0
BRDA:150,14,1,2
BRDA:150,15,0,2
BRDA:150,15,1,2
BRDA:198,16,0,4
BRDA:198,16,1,4
BRDA:199,17,0,1
BRDA:199,17,1,3
BRF:28
BRH:21
end_of_record
