TN:
SF:src\ChartComponent.jsx
FN:26,(anonymous_0)
FN:45,(anonymous_1)
FN:46,(anonymous_2)
FN:61,(anonymous_3)
FN:81,(anonymous_4)
FN:86,(anonymous_5)
FN:93,(anonymous_6)
FN:103,(anonymous_7)
FN:104,(anonymous_8)
FN:128,(anonymous_9)
FN:171,(anonymous_10)
FN:173,(anonymous_11)
FNF:12
FNH:10
FNDA:6,(anonymous_0)
FNDA:3,(anonymous_1)
FNDA:3,(anonymous_2)
FNDA:2,(anonymous_3)
FNDA:2,(anonymous_4)
FNDA:0,(anonymous_5)
FNDA:2,(anonymous_6)
FNDA:10,(anonymous_7)
FNDA:5,(anonymous_8)
FNDA:5,(anonymous_9)
FNDA:0,(anonymous_10)
FNDA:2,(anonymous_11)
DA:26,1
DA:27,6
DA:28,6
DA:29,6
DA:30,6
DA:42,6
DA:45,6
DA:46,3
DA:47,3
DA:48,3
DA:49,3
DA:50,2
DA:52,1
DA:54,3
DA:57,3
DA:61,6
DA:62,2
DA:68,2
DA:69,6
DA:70,6
DA:76,6
DA:81,6
DA:82,2
DA:83,2
DA:84,5
DA:85,0
DA:86,0
DA:87,0
DA:89,2
DA:93,6
DA:94,2
DA:95,2
DA:97,2
DA:102,2
DA:103,10
DA:104,5
DA:114,2
DA:117,2
DA:118,2
DA:125,2
DA:128,6
DA:129,5
DA:130,2
DA:133,2
DA:139,2
DA:149,2
DA:152,2
DA:161,2
DA:162,2
DA:163,2
DA:164,2
DA:166,2
DA:168,0
DA:171,2
DA:172,2
DA:173,2
DA:174,2
DA:175,2
DA:179,6
DA:180,3
DA:182,2
LF:61
LH:57
BRDA:33,0,0,0
BRDA:34,1,0,0
BRDA:35,2,0,6
BRDA:36,3,0,6
BRDA:37,4,0,6
BRDA:38,5,0,6
BRDA:39,6,0,6
BRDA:40,7,0,6
BRDA:49,8,0,2
BRDA:49,8,1,1
BRDA:81,9,0,0
BRDA:84,10,0,5
BRDA:84,10,1,0
BRDA:86,11,0,0
BRDA:86,11,1,0
BRDA:107,12,0,5
BRDA:107,12,1,0
BRDA:107,13,0,5
BRDA:107,13,1,5
BRDA:108,14,0,4
BRDA:108,14,1,1
BRDA:129,15,0,3
BRDA:129,15,1,2
BRDA:130,16,0,0
BRDA:130,16,1,2
BRDA:130,17,0,2
BRDA:130,17,1,2
BRDA:149,18,0,1
BRDA:149,18,1,1
BRDA:179,19,0,3
BRDA:179,19,1,3
BRDA:180,20,0,1
BRDA:180,20,1,2
BRF:33
BRH:25
end_of_record
